<?xml version="1.0" encoding="UTF-8"?>
<testsuite name="com.example.demo.repository.UserRepositoryTest" tests="3" skipped="0" failures="0" errors="0" timestamp="2025-06-09T19:50:01.559Z" hostname="Cristhians-MacBook-Pro.local" time="0.126">
  <properties/>
  <testcase name="whenExistsByUsername_thenReturnTrue()" classname="com.example.demo.repository.UserRepositoryTest" time="0.116"/>
  <testcase name="whenExistsByEmail_thenReturnTrue()" classname="com.example.demo.repository.UserRepositoryTest" time="0.004"/>
  <testcase name="whenSaveUser_thenReturnUser()" classname="com.example.demo.repository.UserRepositoryTest" time="0.006"/>
  <system-out><![CDATA[2025-06-09T14:49:59.992-05:00  INFO 43275 --- [    Test worker] t.c.s.AnnotationConfigContextLoaderUtils : Could not detect default configuration classes for test class [com.example.demo.repository.UserRepositoryTest]: UserRepositoryTest does not declare any static, non-private, non-final, nested classes annotated with @Configuration.
2025-06-09T14:49:59.998-05:00  INFO 43275 --- [    Test worker] .b.t.c.SpringBootTestContextBootstrapper : Found @SpringBootConfiguration com.example.demo.DemoApplication for test class com.example.demo.repository.UserRepositoryTest

  .   ____          _            __ _ _
 /\\ / ___'_ __ _ _(_)_ __  __ _ \ \ \ \
( ( )\___ | '_ | '_| | '_ \/ _` | \ \ \ \
 \\/  ___)| |_)| | | | | || (_| |  ) ) ) )
  '  |____| .__|_| |_|_| |_\__, | / / / /
 =========|_|==============|___/=/_/_/_/
 :: Spring Boot ::                (v3.1.0)

2025-06-09T14:50:00.010-05:00  INFO 43275 --- [    Test worker] c.e.demo.repository.UserRepositoryTest   : Starting UserRepositoryTest using Java 17.0.15 with PID 43275 (started by cristhian in /Users/cristhian/Documents/Copilot/C4E-KIT-IA-S.4-BACKEND/user-service)
2025-06-09T14:50:00.011-05:00  INFO 43275 --- [    Test worker] c.e.demo.repository.UserRepositoryTest   : No active profile set, falling back to 1 default profile: "default"
2025-06-09T14:50:00.096-05:00  INFO 43275 --- [    Test worker] .s.d.r.c.RepositoryConfigurationDelegate : Bootstrapping Spring Data JPA repositories in DEFAULT mode.
2025-06-09T14:50:00.119-05:00  INFO 43275 --- [    Test worker] .s.d.r.c.RepositoryConfigurationDelegate : Finished Spring Data repository scanning in 17 ms. Found 1 JPA repository interfaces.
2025-06-09T14:50:00.149-05:00  INFO 43275 --- [    Test worker] beddedDataSourceBeanFactoryPostProcessor : Replacing 'dataSource' DataSource bean with embedded version
2025-06-09T14:50:00.185-05:00  INFO 43275 --- [    Test worker] o.s.j.d.e.EmbeddedDatabaseFactory        : Starting embedded database: url='jdbc:h2:mem:6b75b512-d5ad-4e8e-bd06-435450fa5e6e;DB_CLOSE_DELAY=-1;DB_CLOSE_ON_EXIT=false', username='sa'
2025-06-09T14:50:00.535-05:00  INFO 43275 --- [    Test worker] o.hibernate.jpa.internal.util.LogHelper  : HHH000204: Processing PersistenceUnitInfo [name: default]
2025-06-09T14:50:00.591-05:00  INFO 43275 --- [    Test worker] org.hibernate.Version                    : HHH000412: Hibernate ORM core version 6.2.2.Final
2025-06-09T14:50:00.593-05:00  INFO 43275 --- [    Test worker] org.hibernate.cfg.Environment            : HHH000406: Using bytecode reflection optimizer
2025-06-09T14:50:00.703-05:00  INFO 43275 --- [    Test worker] o.h.b.i.BytecodeProviderInitiator        : HHH000021: Bytecode provider name : bytebuddy
2025-06-09T14:50:00.709-05:00  INFO 43275 --- [    Test worker] o.s.o.j.p.SpringPersistenceUnitInfo      : No LoadTimeWeaver setup: ignoring JPA class transformer
2025-06-09T14:50:00.752-05:00  INFO 43275 --- [    Test worker] org.hibernate.orm.dialect                : HHH035001: Using dialect: org.hibernate.dialect.H2Dialect, version: 2.1.214
2025-06-09T14:50:00.910-05:00  INFO 43275 --- [    Test worker] o.h.b.i.BytecodeProviderInitiator        : HHH000021: Bytecode provider name : bytebuddy
2025-06-09T14:50:01.303-05:00  INFO 43275 --- [    Test worker] o.h.e.t.j.p.i.JtaPlatformInitiator       : HHH000490: Using JtaPlatform implementation: [org.hibernate.engine.transaction.jta.platform.internal.NoJtaPlatform]
Hibernate: create table users (id uuid not null, created_at timestamp(6) not null, email varchar(255) not null, password varchar(255) not null, username varchar(255) not null, primary key (id))
Hibernate: alter table if exists users drop constraint if exists UK_6dotkott2kjsp8vw4d0m25fb7
Hibernate: alter table if exists users add constraint UK_6dotkott2kjsp8vw4d0m25fb7 unique (email)
Hibernate: alter table if exists users drop constraint if exists UK_r43af9ap4edm43mmtq01oddj6
Hibernate: alter table if exists users add constraint UK_r43af9ap4edm43mmtq01oddj6 unique (username)
2025-06-09T14:50:01.368-05:00  INFO 43275 --- [    Test worker] j.LocalContainerEntityManagerFactoryBean : Initialized JPA EntityManagerFactory for persistence unit 'default'
2025-06-09T14:50:01.559-05:00  INFO 43275 --- [    Test worker] c.e.demo.repository.UserRepositoryTest   : Started UserRepositoryTest in 1.559 seconds (process running for 4.023)
Hibernate: insert into users (created_at,email,password,username,id) values (?,?,?,?,?)
Hibernate: select u1_0.id from users u1_0 where u1_0.username=? fetch first ? rows only
Hibernate: insert into users (created_at,email,password,username,id) values (?,?,?,?,?)
Hibernate: select u1_0.id from users u1_0 where u1_0.email=? fetch first ? rows only
]]></system-out>
  <system-err><![CDATA[]]></system-err>
</testsuite>
