<?xml version="1.0" encoding="UTF-8"?>
<testsuite name="com.example.demo.controller.UserControllerTest" tests="7" skipped="0" failures="0" errors="0" timestamp="2025-06-09T19:49:59.687Z" hostname="Cristhians-MacBook-Pro.local" time="0.3">
  <properties/>
  <testcase name="whenCreateUser_thenReturnJsonAndStatus201()" classname="com.example.demo.controller.UserControllerTest" time="0.267"/>
  <testcase name="whenUpdateUser_thenReturnJsonAndStatus200()" classname="com.example.demo.controller.UserControllerTest" time="0.004"/>
  <testcase name="whenGetInvalidUserId_thenReturn404()" classname="com.example.demo.controller.UserControllerTest" time="0.007"/>
  <testcase name="whenDeleteUser_thenReturnStatus204()" classname="com.example.demo.controller.UserControllerTest" time="0.003"/>
  <testcase name="whenCreateInvalidUser_thenReturn400()" classname="com.example.demo.controller.UserControllerTest" time="0.006"/>
  <testcase name="whenGetUserById_thenReturnJson()" classname="com.example.demo.controller.UserControllerTest" time="0.003"/>
  <testcase name="whenGetAllUsers_thenReturnJsonArray()" classname="com.example.demo.controller.UserControllerTest" time="0.004"/>
  <system-out><![CDATA[14:49:58.047 [Test worker] INFO org.springframework.test.context.support.AnnotationConfigContextLoaderUtils -- Could not detect default configuration classes for test class [com.example.demo.controller.UserControllerTest]: UserControllerTest does not declare any static, non-private, non-final, nested classes annotated with @Configuration.
14:49:58.115 [Test worker] INFO org.springframework.boot.test.context.SpringBootTestContextBootstrapper -- Found @SpringBootConfiguration com.example.demo.DemoApplication for test class com.example.demo.controller.UserControllerTest

  .   ____          _            __ _ _
 /\\ / ___'_ __ _ _(_)_ __  __ _ \ \ \ \
( ( )\___ | '_ | '_| | '_ \/ _` | \ \ \ \
 \\/  ___)| |_)| | | | | || (_| |  ) ) ) )
  '  |____| .__|_| |_|_| |_\__, | / / / /
 =========|_|==============|___/=/_/_/_/
 :: Spring Boot ::                (v3.1.0)

2025-06-09T14:49:58.332-05:00  INFO 43275 --- [    Test worker] c.e.demo.controller.UserControllerTest   : Starting UserControllerTest using Java 17.0.15 with PID 43275 (started by cristhian in /Users/cristhian/Documents/Copilot/C4E-KIT-IA-S.4-BACKEND/user-service)
2025-06-09T14:49:58.333-05:00  INFO 43275 --- [    Test worker] c.e.demo.controller.UserControllerTest   : No active profile set, falling back to 1 default profile: "default"
2025-06-09T14:49:59.655-05:00  INFO 43275 --- [    Test worker] o.s.b.t.m.w.SpringBootMockServletContext : Initializing Spring TestDispatcherServlet ''
2025-06-09T14:49:59.655-05:00  INFO 43275 --- [    Test worker] o.s.t.web.servlet.TestDispatcherServlet  : Initializing Servlet ''
2025-06-09T14:49:59.657-05:00  INFO 43275 --- [    Test worker] o.s.t.web.servlet.TestDispatcherServlet  : Completed initialization in 1 ms
2025-06-09T14:49:59.680-05:00  INFO 43275 --- [    Test worker] c.e.demo.controller.UserControllerTest   : Started UserControllerTest in 1.511 seconds (process running for 2.145)
]]></system-out>
  <system-err><![CDATA[]]></system-err>
</testsuite>
