<?xml version="1.0" encoding="UTF-8"?>
<testsuite name="com.example.demo.service.UserServiceTest" tests="6" skipped="0" failures="0" errors="0" timestamp="2025-06-09T19:50:01.687Z" hostname="Cristhians-MacBook-Pro.local" time="0.078">
  <properties/>
  <testcase name="whenDeleteUser_thenSuccess()" classname="com.example.demo.service.UserServiceTest" time="0.065"/>
  <testcase name="whenCreateUser_thenReturnNewUser()" classname="com.example.demo.service.UserServiceTest" time="0.003"/>
  <testcase name="whenGetAllUsers_thenReturnUsersList()" classname="com.example.demo.service.UserServiceTest" time="0.004"/>
  <testcase name="whenGetUserByInvalidId_thenThrowException()" classname="com.example.demo.service.UserServiceTest" time="0.003"/>
  <testcase name="whenGetUserById_thenReturnUser()" classname="com.example.demo.service.UserServiceTest" time="0.0"/>
  <testcase name="whenUpdateUser_thenReturnUpdatedUser()" classname="com.example.demo.service.UserServiceTest" time="0.0"/>
  <system-out><![CDATA[]]></system-out>
  <system-err><![CDATA[]]></system-err>
</testsuite>
